<?xml version="1.0" encoding="UTF-8"?>
<!-- Generated by org.testng.reporters.JUnitReportReporter -->
<testsuite hostname="LAPTOP-U8P9GAUS" failures="0" tests="2" name="com.jala.testsuites.LoginTest" time="17.176" errors="0" timestamp="12 Jul 2018 08:43:32 GMT">
  <testcase classname="com.jala.testsuites.LoginTest" name="loginAdminwithINValid" time="2.003"/>
  <testcase classname="com.jala.testsuites.LoginTest" name="loginAdminwithValid" time="15.173"/>
</testsuite> <!-- com.jala.testsuites.LoginTest -->
