<?xml version="1.0" encoding="UTF-8"?>
<!-- Generated by org.testng.reporters.JUnitReportReporter -->
<testsuite hostname="LAPTOP-U8P9GAUS" name="com.jala.testsuites.RegistrationTest" tests="2" failures="0" timestamp="7 Jul 2018 16:15:24 GMT" time="16.467" errors="0">
  <testcase name="multipleTabs" time="6.968" classname="com.jala.testsuites.RegistrationTest"/>
  <testcase name="validloginAdmin" time="9.499" classname="com.jala.testsuites.RegistrationTest"/>
</testsuite> <!-- com.jala.testsuites.RegistrationTest -->
