<?xml version="1.0" encoding="UTF-8"?>
<!-- Generated by org.testng.reporters.JUnitReportReporter -->
<testsuite hostname="LAPTOP-U8P9GAUS" failures="0" tests="2" name="com.jala.testsuites.SearchTest" time="36.647" errors="0" timestamp="12 Jul 2018 09:06:18 GMT">
  <testcase classname="com.jala.testsuites.SearchTest" name="search" time="25.008"/>
  <testcase classname="com.jala.testsuites.SearchTest" name="validloginAdmin" time="11.639"/>
</testsuite> <!-- com.jala.testsuites.SearchTest -->
